2019-09-13 02:50:42.748 [main] Main - Получена ссылка https://icdn.lenta.ru/images/2019/09/11/19/20190911195635847/top7_ec1db189a10aa3c63dce3ea02e8b9021.png
2019-09-13 02:50:42.840 [main] Main - Создан файл E:\test2top7_ec1db189a10aa3c63dce3ea02e8b9021.png
2019-09-13 02:50:42.841 [main] Main - Получена ссылка https://icdn.lenta.ru/images/2019/08/08/18/20190808181727341/feature_106540c24ae5c6c4e2aede4a61a5fe4b.jpg
2019-09-13 02:50:42.867 [main] Main - Создан файл E:\test2feature_106540c24ae5c6c4e2aede4a61a5fe4b.jpg
2019-09-13 02:50:42.868 [main] Main - Получена ссылка https://icdn.lenta.ru/images/2019/09/12/14/20190912142137651/top7_6ecc68c2f4e75ae6b855cba06efee914.jpg
2019-09-13 02:50:42.887 [main] Main - Создан файл E:\test2top7_6ecc68c2f4e75ae6b855cba06efee914.jpg
2019-09-13 02:50:42.888 [main] Main - Получена ссылка https://icdn.lenta.ru/images/2019/08/23/18/20190823180200562/top7_d9324da74dec6148de5f9eee9dbb683f.jpg
2019-09-13 02:50:42.906 [main] Main - Создан файл E:\test2top7_d9324da74dec6148de5f9eee9dbb683f.jpg
2019-09-13 02:50:42.906 [main] Main - Получена ссылка https://icdn.lenta.ru/images/2019/09/12/17/20190912171719958/top7_85a67e91dec17873ec9fa0bcf34bdc6a.png
2019-09-13 02:50:42.940 [main] Main - Создан файл E:\test2top7_85a67e91dec17873ec9fa0bcf34bdc6a.png
2019-09-13 02:50:42.941 [main] Main - Получена ссылка https://icdn.lenta.ru/images/2019/09/05/18/20190905183813325/top7_cf330ac2caf81ef998e32ce70ebdedba.png
2019-09-13 02:50:42.968 [main] Main - Создан файл E:\test2top7_cf330ac2caf81ef998e32ce70ebdedba.png
2019-09-13 02:50:42.969 [main] Main - Получена ссылка https://icdn.lenta.ru/images/2019/09/09/13/20190909134704478/top7_8ae0af9fc520042f3e35709c689217e6.png
2019-09-13 02:50:42.995 [main] Main - Создан файл E:\test2top7_8ae0af9fc520042f3e35709c689217e6.png
2019-09-13 02:50:42.996 [main] Main - Получена ссылка https://icdn.lenta.ru/images/2019/09/10/13/20190910133314491/top7_3e02b4971ca436f38bed533b5be11115.png
2019-09-13 02:50:43.061 [main] Main - Создан файл E:\test2top7_3e02b4971ca436f38bed533b5be11115.png
2019-09-13 02:50:43.062 [main] Main - Получена ссылка https://icdn.lenta.ru/images/2019/09/11/13/20190911133756014/top7_0faccdeca9db643bc9887dff3a572975.png
2019-09-13 02:50:43.095 [main] Main - Создан файл E:\test2top7_0faccdeca9db643bc9887dff3a572975.png
2019-09-13 02:50:43.097 [main] Main - Получена ссылка https://icdn.lenta.ru/images/2019/09/12/10/20190912102917344/top7_223ae8898e7fbbf03727cbbe175d03b3.jpg
2019-09-13 02:50:43.118 [main] Main - Создан файл E:\test2top7_223ae8898e7fbbf03727cbbe175d03b3.jpg
2019-09-13 02:50:43.119 [main] Main - Получена ссылка https://icdn.lenta.ru/images/2019/09/11/17/20190911175852923/top7_ca53e7b0685d052c9171ddb1bd6c9c1b.png
2019-09-13 02:50:43.154 [main] Main - Создан файл E:\test2top7_ca53e7b0685d052c9171ddb1bd6c9c1b.png
2019-09-13 02:50:43.155 [main] Main - Получена ссылка https://icdn.lenta.ru/images/2019/09/11/12/20190911121437146/top7_9afa20074a51987fe4e0ea164d8dbd58.png
2019-09-13 02:50:43.187 [main] Main - Создан файл E:\test2top7_9afa20074a51987fe4e0ea164d8dbd58.png
2019-09-13 02:50:43.188 [main] Main - Получена ссылка https://icdn.lenta.ru/images/2019/09/12/20/20190912200352974/top7_f30437ec67b6b44c15fb161f1ffe029f.jpg
2019-09-13 02:50:43.226 [main] Main - Создан файл E:\test2top7_f30437ec67b6b44c15fb161f1ffe029f.jpg
2019-09-13 02:50:43.227 [main] Main - Получена ссылка https://icdn.lenta.ru/images/2019/09/11/18/20190911183019242/top7_efa29af5c786094f3293e89cb3e06409.jpg
2019-09-13 02:50:43.252 [main] Main - Создан файл E:\test2top7_efa29af5c786094f3293e89cb3e06409.jpg
2019-09-13 02:50:43.253 [main] Main - Получена ссылка https://icdn.lenta.ru/images/2019/09/12/17/20190912171801471/top7_a1837bbe8ef09f702db65cd06dfd5573.jpg
2019-09-13 02:50:43.263 [main] Main - Создан файл E:\test2top7_a1837bbe8ef09f702db65cd06dfd5573.jpg
2019-09-13 02:50:43.264 [main] Main - Получена ссылка https://icdn.lenta.ru/images/2019/09/11/12/20190911121108936/top7_04099d2f979017ec1aeb6874a7595c83.png
2019-09-13 02:50:43.371 [main] Main - Создан файл E:\test2top7_04099d2f979017ec1aeb6874a7595c83.png
2019-09-13 02:50:43.373 [main] Main - Получена ссылка https://icdn.lenta.ru/images/2019/09/12/10/20190912103100470/top7_46925ea3ad53891b85c3295d278934bf.jpg
2019-09-13 02:50:43.394 [main] Main - Создан файл E:\test2top7_46925ea3ad53891b85c3295d278934bf.jpg
2019-09-13 02:50:43.396 [main] Main - Получена ссылка https://icdn.lenta.ru/images/2019/09/09/20/20190909201820358/top7_1a81bc89b395231af8933857d1b3999e.jpg
2019-09-13 02:50:43.433 [main] Main - Создан файл E:\test2top7_1a81bc89b395231af8933857d1b3999e.jpg
2019-09-13 02:50:43.435 [main] Main - Получена ссылка https://icdn.lenta.ru/images/2019/09/10/15/20190910150001847/top7_d11e2caf37e73fa938ff5f8ab92ace3c.jpg
2019-09-13 02:50:43.518 [main] Main - Создан файл E:\test2top7_d11e2caf37e73fa938ff5f8ab92ace3c.jpg
2019-09-13 02:50:43.520 [main] Main - Получена ссылка https://icdn.lenta.ru/images/2019/09/05/15/20190905153331460/top7_42a634727b9555e224f0e841626c2c10.png
2019-09-13 02:50:43.558 [main] Main - Создан файл E:\test2top7_42a634727b9555e224f0e841626c2c10.png
2019-09-13 02:50:43.559 [main] Main - Получена ссылка https://icdn.lenta.ru/images/2019/09/10/13/20190910130053465/top7_9763af2f85f25f5759a373d50fb9d596.png
2019-09-13 02:50:43.624 [main] Main - Создан файл E:\test2top7_9763af2f85f25f5759a373d50fb9d596.png
2019-09-13 02:50:43.625 [main] Main - Получена ссылка https://icdn.lenta.ru/images/2019/08/01/11/20190801115854643/top7_d470eb10a446dd391aece19102d3adf4.jpg
2019-09-13 02:50:43.643 [main] Main - Создан файл E:\test2top7_d470eb10a446dd391aece19102d3adf4.jpg
2019-09-13 02:50:43.643 [main] Main - Получена ссылка https://icdn.lenta.ru/images/2019/09/10/13/20190910130954147/top7_0a19747ef7e5ee54ac6d83dedc0d4a53.png
2019-09-13 02:50:43.676 [main] Main - Создан файл E:\test2top7_0a19747ef7e5ee54ac6d83dedc0d4a53.png
2019-09-13 02:50:43.677 [main] Main - Получена ссылка https://icdn.lenta.ru/images/2019/09/05/18/20190905183813325/tabloid_c194e5c46440304fab81c1aee7f3bcd5.png
2019-09-13 02:50:43.759 [main] Main - Создан файл E:\test2tabloid_c194e5c46440304fab81c1aee7f3bcd5.png
2019-09-13 02:50:43.759 [main] Main - Получена ссылка https://icdn.lenta.ru/images/2019/09/10/13/20190910130954147/tabloid_f97f374e578a1013f56f657e52f046d6.png
2019-09-13 02:50:43.794 [main] Main - Создан файл E:\test2tabloid_f97f374e578a1013f56f657e52f046d6.png
2019-09-13 02:50:43.795 [main] Main - Получена ссылка https://icdn.lenta.ru/images/2019/09/11/13/20190911133756014/tabloid_e527e5ce8ac30e18168ee76eaf8e0c03.png
2019-09-13 02:50:43.846 [main] Main - Создан файл E:\test2tabloid_e527e5ce8ac30e18168ee76eaf8e0c03.png
2019-09-13 02:50:43.846 [main] Main - Получена ссылка https://icdn.lenta.ru/images/2019/09/09/20/20190909201820358/tabloid_e2ea9c68da3070515cf9a6492f4753cf.jpg
2019-09-13 02:50:43.858 [main] Main - Создан файл E:\test2tabloid_e2ea9c68da3070515cf9a6492f4753cf.jpg
2019-09-13 02:50:43.859 [main] Main - Получена ссылка https://icdn.lenta.ru/images/2019/09/06/15/20190906153314700/tabloid_bd3cf258e7a995c51c9e58b621c29388.png
2019-09-13 02:50:43.880 [main] Main - Создан файл E:\test2tabloid_bd3cf258e7a995c51c9e58b621c29388.png
2019-09-13 02:50:43.881 [main] Main - Получена ссылка https://icdn.lenta.ru/images/2019/08/26/16/20190826160425564/tabloid_3c652244be323c6c507ec0a75c710c72.jpg
2019-09-13 02:50:43.893 [main] Main - Создан файл E:\test2tabloid_3c652244be323c6c507ec0a75c710c72.jpg
2019-09-13 02:50:43.894 [main] Main - Получена ссылка https://icdn.lenta.ru/images/2019/09/11/12/20190911121437146/tabloid_986ece24e1171004dc35b3808a2c9492.png
2019-09-13 02:50:43.907 [main] Main - Создан файл E:\test2tabloid_986ece24e1171004dc35b3808a2c9492.png
2019-09-13 02:50:43.908 [main] Main - Получена ссылка https://icdn.lenta.ru/images/2019/09/03/17/20190903174028521/tabloid_3bda8472c41e6e66460a3ed2d0c6fdf6.png
2019-09-13 02:50:43.921 [main] Main - Создан файл E:\test2tabloid_3bda8472c41e6e66460a3ed2d0c6fdf6.png
2019-09-13 02:50:43.922 [main] Main - Получена ссылка https://icdn.lenta.ru/images/2019/09/05/18/20190905185558417/tabloid_1a286ec017e12e1bf212d963675ab3fe.jpg
2019-09-13 02:50:43.934 [main] Main - Создан файл E:\test2tabloid_1a286ec017e12e1bf212d963675ab3fe.jpg
2019-09-13 02:50:43.936 [main] Main - Получена ссылка https://icdn.lenta.ru/images/2019/09/06/16/20190906164131304/tabloid_db5c3a4095d48394b441685201586d43.jpg
2019-09-13 02:50:43.947 [main] Main - Создан файл E:\test2tabloid_db5c3a4095d48394b441685201586d43.jpg
2019-09-13 02:50:43.948 [main] Main - Получена ссылка https://icdn.lenta.ru/images/2019/09/09/19/20190909191814763/tabloid_e3f421f96930b77fae4e7cb5761cee77.jpg
2019-09-13 02:50:43.969 [main] Main - Создан файл E:\test2tabloid_e3f421f96930b77fae4e7cb5761cee77.jpg
2019-09-13 02:50:43.970 [main] Main - Получена ссылка https://icdn.lenta.ru/images/2019/09/09/18/20190909183057261/tabloid_07e43d96369e00f17cbc8c073d4cf2ef.jpg
2019-09-13 02:50:43.980 [main] Main - Создан файл E:\test2tabloid_07e43d96369e00f17cbc8c073d4cf2ef.jpg
2019-09-13 02:50:43.982 [main] Main - Получена ссылка https://icdn.lenta.ru/images/2019/09/09/13/20190909134704478/tabloid_d327ec1dc7882cc96c53ec5845e87d6f.png
2019-09-13 02:50:43.994 [main] Main - Создан файл E:\test2tabloid_d327ec1dc7882cc96c53ec5845e87d6f.png
2019-09-13 02:50:43.995 [main] Main - Получена ссылка https://icdn.lenta.ru/images/2019/08/27/12/20190827122656210/tabloid_8768ce8246e304aa7298926293317dfa.jpg
2019-09-13 02:50:44.007 [main] Main - Создан файл E:\test2tabloid_8768ce8246e304aa7298926293317dfa.jpg
2019-09-13 02:50:44.008 [main] Main - Получена ссылка https://icdn.lenta.ru/images/2019/09/09/20/20190909200737919/tabloid_bfce708fcdddd037bf5d87a5b73aae28.jpg
2019-09-13 02:50:44.022 [main] Main - Создан файл E:\test2tabloid_bfce708fcdddd037bf5d87a5b73aae28.jpg
2019-09-13 02:50:44.023 [main] Main - Получена ссылка https://icdn.lenta.ru/images/2019/09/10/12/20190910124627843/tabloid_b898d41f3aa29e9c0b106a788e0cb899.jpg
2019-09-13 02:50:44.032 [main] Main - Создан файл E:\test2tabloid_b898d41f3aa29e9c0b106a788e0cb899.jpg
2019-09-13 02:50:44.033 [main] Main - Получена ссылка https://icdn.lenta.ru/images/2019/08/23/18/20190823180948376/tabloid_df89e60f4642c0f627e21d57253ac2c3.jpg
2019-09-13 02:50:44.044 [main] Main - Создан файл E:\test2tabloid_df89e60f4642c0f627e21d57253ac2c3.jpg
2019-09-13 02:50:44.045 [main] Main - Получена ссылка https://icdn.lenta.ru/images/2019/09/06/13/20190906132533955/tabloid_e71726873f4a0dc49ec17931e26aab9a.jpg
2019-09-13 02:50:44.055 [main] Main - Создан файл E:\test2tabloid_e71726873f4a0dc49ec17931e26aab9a.jpg
2019-09-13 02:50:44.056 [main] Main - Получена ссылка https://icdn.lenta.ru/images/2019/09/11/12/20190911121108936/tabloid_a9f3aa1209cd8f76176bd765a2ffe781.png
2019-09-13 02:50:44.067 [main] Main - Создан файл E:\test2tabloid_a9f3aa1209cd8f76176bd765a2ffe781.png
2019-09-13 02:50:44.068 [main] Main - Получена ссылка https://icdn.lenta.ru/images/2019/09/12/17/20190912172208905/tabloid_c4a4311a191960520aa227e0675b5afc.jpg
2019-09-13 02:50:44.080 [main] Main - Создан файл E:\test2tabloid_c4a4311a191960520aa227e0675b5afc.jpg
2019-09-13 02:50:44.081 [main] Main - Получена ссылка https://icdn.lenta.ru/images/2019/09/10/15/20190910150001847/tabloid_f58e67bcd231e14312041400fd3cef94.jpg
2019-09-13 02:50:44.093 [main] Main - Создан файл E:\test2tabloid_f58e67bcd231e14312041400fd3cef94.jpg
2019-09-13 02:50:44.094 [main] Main - Получена ссылка https://icdn.lenta.ru/images/2019/09/11/18/20190911183019242/tabloid_e8902ab8616db9feaa6f5dbdc1d3741a.jpg
2019-09-13 02:50:44.109 [main] Main - Создан файл E:\test2tabloid_e8902ab8616db9feaa6f5dbdc1d3741a.jpg
2019-09-13 02:50:44.110 [main] Main - Получена ссылка https://icdn.lenta.ru/images/2019/09/10/13/20190910131932787/tabloid_aff0baf0a1f759a3717493bd00d07070.jpg
2019-09-13 02:50:44.136 [main] Main - Создан файл E:\test2tabloid_aff0baf0a1f759a3717493bd00d07070.jpg
2019-09-13 02:50:44.137 [main] Main - Получена ссылка https://icdn.lenta.ru/images/2019/09/09/14/20190909144937509/tabloid_7039e3868a609344292f882b0f6a416c.png
2019-09-13 02:50:44.150 [main] Main - Создан файл E:\test2tabloid_7039e3868a609344292f882b0f6a416c.png
2019-09-13 02:50:44.151 [main] Main - Получена ссылка https://icdn.lenta.ru/images/2019/09/10/13/20190910133314491/tabloid_7433d062f968d64e38b3f1bace9b5fc9.png
2019-09-13 02:50:44.169 [main] Main - Создан файл E:\test2tabloid_7433d062f968d64e38b3f1bace9b5fc9.png
2019-09-13 02:50:44.170 [main] Main - Получена ссылка https://icdn.lenta.ru/images/2019/08/07/18/20190807182730691/tabloid_e274f1657db4fcbedfcb2aa7f3a4d9d8.png
2019-09-13 02:50:44.181 [main] Main - Создан файл E:\test2tabloid_e274f1657db4fcbedfcb2aa7f3a4d9d8.png
2019-09-13 02:50:44.182 [main] Main - Получена ссылка https://icdn.lenta.ru/images/2019/09/06/12/20190906125223603/tabloid_db8dae1f1f2e8d78e59037485515feb2.png
2019-09-13 02:50:44.193 [main] Main - Создан файл E:\test2tabloid_db8dae1f1f2e8d78e59037485515feb2.png
2019-09-13 02:50:44.194 [main] Main - Получена ссылка https://icdn.lenta.ru/images/2019/09/12/17/20190912171719958/tabloid_1f8ff2f7d48c471d97c65fbf4f00559a.png
2019-09-13 02:50:44.214 [main] Main - Создан файл E:\test2tabloid_1f8ff2f7d48c471d97c65fbf4f00559a.png
2019-09-13 02:50:44.215 [main] Main - Получена ссылка https://icdn.lenta.ru/images/2019/09/04/17/20190904173910620/tabloid_73f5cf8eef85d99c2cb374e090d1048e.jpg
2019-09-13 02:50:44.228 [main] Main - Создан файл E:\test2tabloid_73f5cf8eef85d99c2cb374e090d1048e.jpg
2019-09-13 02:50:44.229 [main] Main - Получена ссылка https://icdn.lenta.ru/images/2019/09/01/17/20190901174730493/tabloid_db3d5abf4de9f346bd3c51cf46f256c5.jpg
2019-09-13 02:50:44.245 [main] Main - Создан файл E:\test2tabloid_db3d5abf4de9f346bd3c51cf46f256c5.jpg
2019-09-13 02:50:44.246 [main] Main - Получена ссылка https://icdn.lenta.ru/images/2019/09/11/17/20190911175852923/tabloid_e1a6420418993f52c5e12abbf3740f61.png
2019-09-13 02:50:44.260 [main] Main - Создан файл E:\test2tabloid_e1a6420418993f52c5e12abbf3740f61.png
2019-09-13 02:50:44.261 [main] Main - Получена ссылка https://icdn.lenta.ru/images/2019/09/10/19/20190910193521877/tabloid_8857a8d6f892553c1c42f789b767e188.png
2019-09-13 02:50:44.277 [main] Main - Создан файл E:\test2tabloid_8857a8d6f892553c1c42f789b767e188.png
2019-09-13 02:50:44.278 [main] Main - Получена ссылка https://icdn.lenta.ru/images/2019/08/29/12/20190829123654150/tabloid_29f0b4b6afb09248bcd587a031e5e0dd.png
2019-09-13 02:50:44.289 [main] Main - Создан файл E:\test2tabloid_29f0b4b6afb09248bcd587a031e5e0dd.png
2019-09-13 02:50:44.291 [main] Main - Получена ссылка https://icdn.lenta.ru/images/2019/09/10/13/20190910130053465/tabloid_1961ee29f7fd72b07d64aa078bcfc957.png
2019-09-13 02:50:44.301 [main] Main - Создан файл E:\test2tabloid_1961ee29f7fd72b07d64aa078bcfc957.png
2019-09-13 02:50:44.302 [main] Main - Получена ссылка https://icdn.lenta.ru/images/2019/09/09/17/20190909173705369/tabloid_0966d49006337c0e15a86a6f757461ac.jpg
2019-09-13 02:50:44.315 [main] Main - Создан файл E:\test2tabloid_0966d49006337c0e15a86a6f757461ac.jpg
2019-09-13 02:50:44.316 [main] Main - Получена ссылка https://icdn.lenta.ru/images/2019/09/06/16/20190906161956750/tabloid_10a2c14659de6b2ab0674040da8024d1.jpg
2019-09-13 02:50:44.330 [main] Main - Создан файл E:\test2tabloid_10a2c14659de6b2ab0674040da8024d1.jpg
2019-09-13 02:50:44.331 [main] Main - Получена ссылка https://icdn.lenta.ru/images/2019/09/12/10/20190912102917344/tabloid_2d2cba167d6f258d8c2b0bc5e5485144.jpg
2019-09-13 02:50:44.345 [main] Main - Создан файл E:\test2tabloid_2d2cba167d6f258d8c2b0bc5e5485144.jpg
2019-09-13 02:50:44.346 [main] Main - Получена ссылка https://icdn.lenta.ru/images/2019/09/12/10/20190912103100470/tabloid_8145b9cbc525fc36179b960136987b98.jpg
2019-09-13 02:50:44.355 [main] Main - Создан файл E:\test2tabloid_8145b9cbc525fc36179b960136987b98.jpg
2019-09-13 02:50:44.356 [main] Main - Получена ссылка https://icdn.lenta.ru/images/2019/09/11/09/20190911095903899/tabloid_dc38f004120d5d4addb37e62c84e873c.jpg
2019-09-13 02:50:44.368 [main] Main - Создан файл E:\test2tabloid_dc38f004120d5d4addb37e62c84e873c.jpg
2019-09-13 02:50:44.369 [main] Main - Получена ссылка https://icdn.lenta.ru/images/2019/09/10/11/20190910110243899/tabloid_b04e07a6261caaf83513f7da01c8e097.jpg
2019-09-13 02:50:44.378 [main] Main - Создан файл E:\test2tabloid_b04e07a6261caaf83513f7da01c8e097.jpg
2019-09-13 02:50:44.379 [main] Main - Получена ссылка https://icdn.lenta.ru/images/2019/09/10/10/20190910104525821/tabloid_df2f3cc5e67d17b07bbc08fa22c48831.jpg
2019-09-13 02:50:44.390 [main] Main - Создан файл E:\test2tabloid_df2f3cc5e67d17b07bbc08fa22c48831.jpg
2019-09-13 02:50:44.391 [main] Main - Получена ссылка https://icdn.lenta.ru/images/2019/09/10/13/20190910130048469/tabloid_4f0d954cbd44caded967ef34bd20e36e.jpg
2019-09-13 02:50:44.403 [main] Main - Создан файл E:\test2tabloid_4f0d954cbd44caded967ef34bd20e36e.jpg
2019-09-13 02:50:44.404 [main] Main - Получена ссылка https://icdn.lenta.ru/images/2019/09/05/15/20190905155638245/tabloid_8f60986f534da524827da5af1febcd56.jpg
2019-09-13 02:50:44.417 [main] Main - Создан файл E:\test2tabloid_8f60986f534da524827da5af1febcd56.jpg
2019-09-13 02:50:44.418 [main] Main - Получена ссылка https://icdn.lenta.ru/images/2019/09/06/16/20190906163503225/tabloid_87c722895ee5fa1a83cd1e3ea99d3343.jpg
2019-09-13 02:50:44.434 [main] Main - Создан файл E:\test2tabloid_87c722895ee5fa1a83cd1e3ea99d3343.jpg
2019-09-13 02:50:44.435 [main] Main - Получена ссылка https://icdn.lenta.ru/images/2019/08/23/16/20190823160716371/tabloid_958c4af7405d893bd0dfa5123c3cb644.jpg
2019-09-13 02:50:44.447 [main] Main - Создан файл E:\test2tabloid_958c4af7405d893bd0dfa5123c3cb644.jpg
2019-09-13 02:50:44.448 [main] Main - Получена ссылка https://icdn.lenta.ru/images/2019/08/30/18/20190830180947249/tabloid_1ee45dea3cb08c5a4d4e171fa78557ae.png
2019-09-13 02:50:44.461 [main] Main - Создан файл E:\test2tabloid_1ee45dea3cb08c5a4d4e171fa78557ae.png
2019-09-13 02:50:44.462 [main] Main - Получена ссылка https://icdn.lenta.ru/images/2019/08/21/12/20190821125356366/tabloid_e36b0965bb883344f9b1693785a04fbc.png
2019-09-13 02:50:44.476 [main] Main - Создан файл E:\test2tabloid_e36b0965bb883344f9b1693785a04fbc.png
2019-09-13 02:50:44.478 [main] Main - Получена ссылка https://icdn.lenta.ru/images/2019/08/17/22/20190817220503057/tabloid_c10e8889f2734051af3cf0da4ecd9f6f.jpg
2019-09-13 02:50:44.487 [main] Main - Создан файл E:\test2tabloid_c10e8889f2734051af3cf0da4ecd9f6f.jpg
